2021-02-19 15:01:33.531  INFO 24484 --- [main] com.gitee.gen.GenApplication             : Starting GenApplication v1.0.0-SNAPSHOT on Xiaotianyu with PID 24484 (C:\Users\Lenovo\Desktop\gen\gen.jar started by Lenovo in C:\Users\Lenovo\Desktop\gen)
2021-02-19 15:01:33.547  INFO 24484 --- [main] com.gitee.gen.GenApplication             : No active profile set, falling back to default profiles: default
2021-02-19 15:01:35.359  INFO 24484 --- [main] o.s.b.w.embedded.tomcat.TomcatWebServer  : Tomcat initialized with port(s): 6969 (http)
2021-02-19 15:01:35.390  INFO 24484 --- [main] o.apache.catalina.core.StandardService   : Starting service [Tomcat]
2021-02-19 15:01:35.390  INFO 24484 --- [main] org.apache.catalina.core.StandardEngine  : Starting Servlet engine: [Apache Tomcat/9.0.37]
2021-02-19 15:01:35.539  INFO 24484 --- [main] o.a.c.c.C.[Tomcat].[localhost].[/]       : Initializing Spring embedded WebApplicationContext
2021-02-19 15:01:35.539  INFO 24484 --- [main] w.s.c.ServletWebServerApplicationContext : Root WebApplicationContext: initialization completed in 1911 ms
2021-02-19 15:01:36.620  INFO 24484 --- [main] o.s.s.concurrent.ThreadPoolTaskExecutor  : Initializing ExecutorService 'applicationTaskExecutor'
2021-02-19 15:01:36.702  INFO 24484 --- [main] o.s.b.a.w.s.WelcomePageHandlerMapping    : Adding welcome page: class path resource [public/index.html]
2021-02-19 15:01:36.914  INFO 24484 --- [main] o.s.b.w.embedded.tomcat.TomcatWebServer  : Tomcat started on port(s): 6969 (http) with context path ''
2021-02-19 15:01:36.923  INFO 24484 --- [main] com.gitee.gen.GenApplication             : Started GenApplication in 4.087 seconds (JVM running for 5.315)
2021-02-19 15:01:36.942  INFO 24484 --- [main] com.zaxxer.hikari.HikariDataSource       : HikariPool-1 - Starting...
2021-02-19 15:01:37.031  INFO 24484 --- [main] com.zaxxer.hikari.HikariDataSource       : HikariPool-1 - Start completed.
2021-02-19 15:01:47.338  INFO 23384 --- [main] com.gitee.gen.GenApplication             : Starting GenApplication v1.0.0-SNAPSHOT on Xiaotianyu with PID 23384 (C:\Users\Lenovo\Desktop\gen\gen.jar started by Lenovo in C:\Users\Lenovo\Desktop\gen)
2021-02-19 15:01:47.341  INFO 23384 --- [main] com.gitee.gen.GenApplication             : No active profile set, falling back to default profiles: default
2021-02-19 15:01:48.745  INFO 23384 --- [main] o.s.b.w.embedded.tomcat.TomcatWebServer  : Tomcat initialized with port(s): 6969 (http)
2021-02-19 15:01:48.756  INFO 23384 --- [main] o.apache.catalina.core.StandardService   : Starting service [Tomcat]
2021-02-19 15:01:48.757  INFO 23384 --- [main] org.apache.catalina.core.StandardEngine  : Starting Servlet engine: [Apache Tomcat/9.0.37]
2021-02-19 15:01:48.826  INFO 23384 --- [main] o.a.c.c.C.[Tomcat].[localhost].[/]       : Initializing Spring embedded WebApplicationContext
2021-02-19 15:01:48.826  INFO 23384 --- [main] w.s.c.ServletWebServerApplicationContext : Root WebApplicationContext: initialization completed in 1436 ms
2021-02-19 15:01:49.545  INFO 23384 --- [main] o.s.s.concurrent.ThreadPoolTaskExecutor  : Initializing ExecutorService 'applicationTaskExecutor'
2021-02-19 15:01:49.654  INFO 23384 --- [main] o.s.b.a.w.s.WelcomePageHandlerMapping    : Adding welcome page: class path resource [public/index.html]
2021-02-19 15:01:49.765  WARN 23384 --- [main] ConfigServletWebServerApplicationContext : Exception encountered during context initialization - cancelling refresh attempt: org.springframework.context.ApplicationContextException: Failed to start bean 'webServerStartStop'; nested exception is org.springframework.boot.web.server.PortInUseException: Port 6969 is already in use
2021-02-19 15:01:49.765  INFO 23384 --- [main] o.s.s.concurrent.ThreadPoolTaskExecutor  : Shutting down ExecutorService 'applicationTaskExecutor'
2021-02-19 15:01:49.768  INFO 23384 --- [main] o.apache.catalina.core.StandardService   : Stopping service [Tomcat]
2021-02-19 15:01:49.789  INFO 23384 --- [main] ConditionEvaluationReportLoggingListener : 

Error starting ApplicationContext. To display the conditions report re-run your application with 'debug' enabled.
2021-02-19 15:01:49.791 ERROR 23384 --- [main] o.s.b.d.LoggingFailureAnalysisReporter   : 

***************************
APPLICATION FAILED TO START
***************************

Description:

Web server failed to start. Port 6969 was already in use.

Action:

Identify and stop the process that's listening on port 6969 or configure this application to listen on another port.

2021-02-19 15:02:21.744  INFO 24484 --- [http-nio-6969-exec-1] o.a.c.c.C.[Tomcat].[localhost].[/]       : Initializing Spring DispatcherServlet 'dispatcherServlet'
2021-02-19 15:02:21.744  INFO 24484 --- [http-nio-6969-exec-1] o.s.web.servlet.DispatcherServlet        : Initializing Servlet 'dispatcherServlet'
2021-02-19 15:02:21.753  INFO 24484 --- [http-nio-6969-exec-1] o.s.web.servlet.DispatcherServlet        : Completed initialization in 8 ms
2021-02-19 15:19:15.533 ERROR 24484 --- [http-nio-6969-exec-6] c.g.gen.controller.ExceptionController   : 报错：

org.apache.velocity.exception.ParseErrorException: Encountered "\" != \"" at mystring[line 21, column 51]
Was expecting one of:
    <RPAREN> ...
    <WHITESPACE> ...
    "-" ...
    "+" ...
    "*" ...
    "/" ...
    "%" ...
    <LOGICAL_AND> ...
    <LOGICAL_OR> ...
    <LOGICAL_LT> ...
    <LOGICAL_LE> ...
    <LOGICAL_GT> ...
    <LOGICAL_GE> ...
    <LOGICAL_EQUALS> ...
    <LOGICAL_NOT_EQUALS> ...
    
	at org.apache.velocity.runtime.RuntimeInstance.evaluate(RuntimeInstance.java:1301) ~[velocity-1.7.jar!/:1.7]
	at org.apache.velocity.app.Velocity.evaluate(Velocity.java:254) ~[velocity-1.7.jar!/:1.7]
	at com.gitee.gen.util.VelocityUtil.generate(VelocityUtil.java:25) ~[classes!/:1.0.0-SNAPSHOT]
	at com.gitee.gen.service.GeneratorService.doGenerator(GeneratorService.java:123) ~[classes!/:1.0.0-SNAPSHOT]
	at com.gitee.gen.service.GeneratorService.generate(GeneratorService.java:55) ~[classes!/:1.0.0-SNAPSHOT]
	at com.gitee.gen.controller.GeneratorController.code(GeneratorController.java:39) ~[classes!/:1.0.0-SNAPSHOT]
	at sun.reflect.NativeMethodAccessorImpl.invoke0(Native Method) ~[na:1.8.0_221]
	at sun.reflect.NativeMethodAccessorImpl.invoke(Unknown Source) ~[na:1.8.0_221]
	at sun.reflect.DelegatingMethodAccessorImpl.invoke(Unknown Source) ~[na:1.8.0_221]
	at java.lang.reflect.Method.invoke(Unknown Source) ~[na:1.8.0_221]
	at org.springframework.web.method.support.InvocableHandlerMethod.doInvoke(InvocableHandlerMethod.java:190) ~[spring-web-5.2.8.RELEASE.jar!/:5.2.8.RELEASE]
	at org.springframework.web.method.support.InvocableHandlerMethod.invokeForRequest(InvocableHandlerMethod.java:138) ~[spring-web-5.2.8.RELEASE.jar!/:5.2.8.RELEASE]
	at org.springframework.web.servlet.mvc.method.annotation.ServletInvocableHandlerMethod.invokeAndHandle(ServletInvocableHandlerMethod.java:105) ~[spring-webmvc-5.2.8.RELEASE.jar!/:5.2.8.RELEASE]
	at org.springframework.web.servlet.mvc.method.annotation.RequestMappingHandlerAdapter.invokeHandlerMethod(RequestMappingHandlerAdapter.java:878) ~[spring-webmvc-5.2.8.RELEASE.jar!/:5.2.8.RELEASE]
	at org.springframework.web.servlet.mvc.method.annotation.RequestMappingHandlerAdapter.handleInternal(RequestMappingHandlerAdapter.java:792) ~[spring-webmvc-5.2.8.RELEASE.jar!/:5.2.8.RELEASE]
	at org.springframework.web.servlet.mvc.method.AbstractHandlerMethodAdapter.handle(AbstractHandlerMethodAdapter.java:87) ~[spring-webmvc-5.2.8.RELEASE.jar!/:5.2.8.RELEASE]
	at org.springframework.web.servlet.DispatcherServlet.doDispatch(DispatcherServlet.java:1040) ~[spring-webmvc-5.2.8.RELEASE.jar!/:5.2.8.RELEASE]
	at org.springframework.web.servlet.DispatcherServlet.doService(DispatcherServlet.java:943) ~[spring-webmvc-5.2.8.RELEASE.jar!/:5.2.8.RELEASE]
	at org.springframework.web.servlet.FrameworkServlet.processRequest(FrameworkServlet.java:1006) [spring-webmvc-5.2.8.RELEASE.jar!/:5.2.8.RELEASE]
	at org.springframework.web.servlet.FrameworkServlet.doPost(FrameworkServlet.java:909) [spring-webmvc-5.2.8.RELEASE.jar!/:5.2.8.RELEASE]
	at javax.servlet.http.HttpServlet.service(HttpServlet.java:652) [tomcat-embed-core-9.0.37.jar!/:4.0.FR]
	at org.springframework.web.servlet.FrameworkServlet.service(FrameworkServlet.java:883) [spring-webmvc-5.2.8.RELEASE.jar!/:5.2.8.RELEASE]
	at javax.servlet.http.HttpServlet.service(HttpServlet.java:733) [tomcat-embed-core-9.0.37.jar!/:4.0.FR]
	at org.apache.catalina.core.ApplicationFilterChain.internalDoFilter(ApplicationFilterChain.java:231) [tomcat-embed-core-9.0.37.jar!/:9.0.37]
	at org.apache.catalina.core.ApplicationFilterChain.doFilter(ApplicationFilterChain.java:166) [tomcat-embed-core-9.0.37.jar!/:9.0.37]
	at org.apache.tomcat.websocket.server.WsFilter.doFilter(WsFilter.java:53) [tomcat-embed-websocket-9.0.37.jar!/:9.0.37]
	at org.apache.catalina.core.ApplicationFilterChain.internalDoFilter(ApplicationFilterChain.java:193) [tomcat-embed-core-9.0.37.jar!/:9.0.37]
	at org.apache.catalina.core.ApplicationFilterChain.doFilter(ApplicationFilterChain.java:166) [tomcat-embed-core-9.0.37.jar!/:9.0.37]
	at org.springframework.web.filter.CorsFilter.doFilterInternal(CorsFilter.java:92) [spring-web-5.2.8.RELEASE.jar!/:5.2.8.RELEASE]
	at org.springframework.web.filter.OncePerRequestFilter.doFilter(OncePerRequestFilter.java:119) [spring-web-5.2.8.RELEASE.jar!/:5.2.8.RELEASE]
	at org.apache.catalina.core.ApplicationFilterChain.internalDoFilter(ApplicationFilterChain.java:193) [tomcat-embed-core-9.0.37.jar!/:9.0.37]
	at org.apache.catalina.core.ApplicationFilterChain.doFilter(ApplicationFilterChain.java:166) [tomcat-embed-core-9.0.37.jar!/:9.0.37]
	at org.springframework.web.filter.RequestContextFilter.doFilterInternal(RequestContextFilter.java:100) [spring-web-5.2.8.RELEASE.jar!/:5.2.8.RELEASE]
	at org.springframework.web.filter.OncePerRequestFilter.doFilter(OncePerRequestFilter.java:119) [spring-web-5.2.8.RELEASE.jar!/:5.2.8.RELEASE]
	at org.apache.catalina.core.ApplicationFilterChain.internalDoFilter(ApplicationFilterChain.java:193) [tomcat-embed-core-9.0.37.jar!/:9.0.37]
	at org.apache.catalina.core.ApplicationFilterChain.doFilter(ApplicationFilterChain.java:166) [tomcat-embed-core-9.0.37.jar!/:9.0.37]
	at org.springframework.web.filter.FormContentFilter.doFilterInternal(FormContentFilter.java:93) [spring-web-5.2.8.RELEASE.jar!/:5.2.8.RELEASE]
	at org.springframework.web.filter.OncePerRequestFilter.doFilter(OncePerRequestFilter.java:119) [spring-web-5.2.8.RELEASE.jar!/:5.2.8.RELEASE]
	at org.apache.catalina.core.ApplicationFilterChain.internalDoFilter(ApplicationFilterChain.java:193) [tomcat-embed-core-9.0.37.jar!/:9.0.37]
	at org.apache.catalina.core.ApplicationFilterChain.doFilter(ApplicationFilterChain.java:166) [tomcat-embed-core-9.0.37.jar!/:9.0.37]
	at org.springframework.web.filter.CharacterEncodingFilter.doFilterInternal(CharacterEncodingFilter.java:201) [spring-web-5.2.8.RELEASE.jar!/:5.2.8.RELEASE]
	at org.springframework.web.filter.OncePerRequestFilter.doFilter(OncePerRequestFilter.java:119) [spring-web-5.2.8.RELEASE.jar!/:5.2.8.RELEASE]
	at org.apache.catalina.core.ApplicationFilterChain.internalDoFilter(ApplicationFilterChain.java:193) [tomcat-embed-core-9.0.37.jar!/:9.0.37]
	at org.apache.catalina.core.ApplicationFilterChain.doFilter(ApplicationFilterChain.java:166) [tomcat-embed-core-9.0.37.jar!/:9.0.37]
	at org.apache.catalina.core.StandardWrapperValve.invoke(StandardWrapperValve.java:202) [tomcat-embed-core-9.0.37.jar!/:9.0.37]
	at org.apache.catalina.core.StandardContextValve.invoke(StandardContextValve.java:96) [tomcat-embed-core-9.0.37.jar!/:9.0.37]
	at org.apache.catalina.authenticator.AuthenticatorBase.invoke(AuthenticatorBase.java:541) [tomcat-embed-core-9.0.37.jar!/:9.0.37]
	at org.apache.catalina.core.StandardHostValve.invoke(StandardHostValve.java:139) [tomcat-embed-core-9.0.37.jar!/:9.0.37]
	at org.apache.catalina.valves.ErrorReportValve.invoke(ErrorReportValve.java:92) [tomcat-embed-core-9.0.37.jar!/:9.0.37]
	at org.apache.catalina.core.StandardEngineValve.invoke(StandardEngineValve.java:74) [tomcat-embed-core-9.0.37.jar!/:9.0.37]
	at org.apache.catalina.connector.CoyoteAdapter.service(CoyoteAdapter.java:343) [tomcat-embed-core-9.0.37.jar!/:9.0.37]
	at org.apache.coyote.http11.Http11Processor.service(Http11Processor.java:373) [tomcat-embed-core-9.0.37.jar!/:9.0.37]
	at org.apache.coyote.AbstractProcessorLight.process(AbstractProcessorLight.java:65) [tomcat-embed-core-9.0.37.jar!/:9.0.37]
	at org.apache.coyote.AbstractProtocol$ConnectionHandler.process(AbstractProtocol.java:868) [tomcat-embed-core-9.0.37.jar!/:9.0.37]
	at org.apache.tomcat.util.net.NioEndpoint$SocketProcessor.doRun(NioEndpoint.java:1589) [tomcat-embed-core-9.0.37.jar!/:9.0.37]
	at org.apache.tomcat.util.net.SocketProcessorBase.run(SocketProcessorBase.java:49) [tomcat-embed-core-9.0.37.jar!/:9.0.37]
	at java.util.concurrent.ThreadPoolExecutor.runWorker(Unknown Source) [na:1.8.0_221]
	at java.util.concurrent.ThreadPoolExecutor$Worker.run(Unknown Source) [na:1.8.0_221]
	at org.apache.tomcat.util.threads.TaskThread$WrappingRunnable.run(TaskThread.java:61) [tomcat-embed-core-9.0.37.jar!/:9.0.37]
	at java.lang.Thread.run(Unknown Source) [na:1.8.0_221]

2021-02-19 15:58:12.796 ERROR 24484 --- [http-nio-6969-exec-1] c.g.gen.controller.ExceptionController   : 报错：

java.lang.RuntimeException: 模板名称 service 已存在
	at com.gitee.gen.service.TemplateConfigService.insert(TemplateConfigService.java:41) ~[classes!/:1.0.0-SNAPSHOT]
	at com.gitee.gen.controller.TemplateConfigController.add(TemplateConfigController.java:35) ~[classes!/:1.0.0-SNAPSHOT]
	at sun.reflect.NativeMethodAccessorImpl.invoke0(Native Method) ~[na:1.8.0_221]
	at sun.reflect.NativeMethodAccessorImpl.invoke(Unknown Source) ~[na:1.8.0_221]
	at sun.reflect.DelegatingMethodAccessorImpl.invoke(Unknown Source) ~[na:1.8.0_221]
	at java.lang.reflect.Method.invoke(Unknown Source) ~[na:1.8.0_221]
	at org.springframework.web.method.support.InvocableHandlerMethod.doInvoke(InvocableHandlerMethod.java:190) ~[spring-web-5.2.8.RELEASE.jar!/:5.2.8.RELEASE]
	at org.springframework.web.method.support.InvocableHandlerMethod.invokeForRequest(InvocableHandlerMethod.java:138) ~[spring-web-5.2.8.RELEASE.jar!/:5.2.8.RELEASE]
	at org.springframework.web.servlet.mvc.method.annotation.ServletInvocableHandlerMethod.invokeAndHandle(ServletInvocableHandlerMethod.java:105) ~[spring-webmvc-5.2.8.RELEASE.jar!/:5.2.8.RELEASE]
	at org.springframework.web.servlet.mvc.method.annotation.RequestMappingHandlerAdapter.invokeHandlerMethod(RequestMappingHandlerAdapter.java:878) ~[spring-webmvc-5.2.8.RELEASE.jar!/:5.2.8.RELEASE]
	at org.springframework.web.servlet.mvc.method.annotation.RequestMappingHandlerAdapter.handleInternal(RequestMappingHandlerAdapter.java:792) ~[spring-webmvc-5.2.8.RELEASE.jar!/:5.2.8.RELEASE]
	at org.springframework.web.servlet.mvc.method.AbstractHandlerMethodAdapter.handle(AbstractHandlerMethodAdapter.java:87) ~[spring-webmvc-5.2.8.RELEASE.jar!/:5.2.8.RELEASE]
	at org.springframework.web.servlet.DispatcherServlet.doDispatch(DispatcherServlet.java:1040) ~[spring-webmvc-5.2.8.RELEASE.jar!/:5.2.8.RELEASE]
	at org.springframework.web.servlet.DispatcherServlet.doService(DispatcherServlet.java:943) ~[spring-webmvc-5.2.8.RELEASE.jar!/:5.2.8.RELEASE]
	at org.springframework.web.servlet.FrameworkServlet.processRequest(FrameworkServlet.java:1006) [spring-webmvc-5.2.8.RELEASE.jar!/:5.2.8.RELEASE]
	at org.springframework.web.servlet.FrameworkServlet.doPost(FrameworkServlet.java:909) [spring-webmvc-5.2.8.RELEASE.jar!/:5.2.8.RELEASE]
	at javax.servlet.http.HttpServlet.service(HttpServlet.java:652) [tomcat-embed-core-9.0.37.jar!/:4.0.FR]
	at org.springframework.web.servlet.FrameworkServlet.service(FrameworkServlet.java:883) [spring-webmvc-5.2.8.RELEASE.jar!/:5.2.8.RELEASE]
	at javax.servlet.http.HttpServlet.service(HttpServlet.java:733) [tomcat-embed-core-9.0.37.jar!/:4.0.FR]
	at org.apache.catalina.core.ApplicationFilterChain.internalDoFilter(ApplicationFilterChain.java:231) [tomcat-embed-core-9.0.37.jar!/:9.0.37]
	at org.apache.catalina.core.ApplicationFilterChain.doFilter(ApplicationFilterChain.java:166) [tomcat-embed-core-9.0.37.jar!/:9.0.37]
	at org.apache.tomcat.websocket.server.WsFilter.doFilter(WsFilter.java:53) [tomcat-embed-websocket-9.0.37.jar!/:9.0.37]
	at org.apache.catalina.core.ApplicationFilterChain.internalDoFilter(ApplicationFilterChain.java:193) [tomcat-embed-core-9.0.37.jar!/:9.0.37]
	at org.apache.catalina.core.ApplicationFilterChain.doFilter(ApplicationFilterChain.java:166) [tomcat-embed-core-9.0.37.jar!/:9.0.37]
	at org.springframework.web.filter.CorsFilter.doFilterInternal(CorsFilter.java:92) [spring-web-5.2.8.RELEASE.jar!/:5.2.8.RELEASE]
	at org.springframework.web.filter.OncePerRequestFilter.doFilter(OncePerRequestFilter.java:119) [spring-web-5.2.8.RELEASE.jar!/:5.2.8.RELEASE]
	at org.apache.catalina.core.ApplicationFilterChain.internalDoFilter(ApplicationFilterChain.java:193) [tomcat-embed-core-9.0.37.jar!/:9.0.37]
	at org.apache.catalina.core.ApplicationFilterChain.doFilter(ApplicationFilterChain.java:166) [tomcat-embed-core-9.0.37.jar!/:9.0.37]
	at org.springframework.web.filter.RequestContextFilter.doFilterInternal(RequestContextFilter.java:100) [spring-web-5.2.8.RELEASE.jar!/:5.2.8.RELEASE]
	at org.springframework.web.filter.OncePerRequestFilter.doFilter(OncePerRequestFilter.java:119) [spring-web-5.2.8.RELEASE.jar!/:5.2.8.RELEASE]
	at org.apache.catalina.core.ApplicationFilterChain.internalDoFilter(ApplicationFilterChain.java:193) [tomcat-embed-core-9.0.37.jar!/:9.0.37]
	at org.apache.catalina.core.ApplicationFilterChain.doFilter(ApplicationFilterChain.java:166) [tomcat-embed-core-9.0.37.jar!/:9.0.37]
	at org.springframework.web.filter.FormContentFilter.doFilterInternal(FormContentFilter.java:93) [spring-web-5.2.8.RELEASE.jar!/:5.2.8.RELEASE]
	at org.springframework.web.filter.OncePerRequestFilter.doFilter(OncePerRequestFilter.java:119) [spring-web-5.2.8.RELEASE.jar!/:5.2.8.RELEASE]
	at org.apache.catalina.core.ApplicationFilterChain.internalDoFilter(ApplicationFilterChain.java:193) [tomcat-embed-core-9.0.37.jar!/:9.0.37]
	at org.apache.catalina.core.ApplicationFilterChain.doFilter(ApplicationFilterChain.java:166) [tomcat-embed-core-9.0.37.jar!/:9.0.37]
	at org.springframework.web.filter.CharacterEncodingFilter.doFilterInternal(CharacterEncodingFilter.java:201) [spring-web-5.2.8.RELEASE.jar!/:5.2.8.RELEASE]
	at org.springframework.web.filter.OncePerRequestFilter.doFilter(OncePerRequestFilter.java:119) [spring-web-5.2.8.RELEASE.jar!/:5.2.8.RELEASE]
	at org.apache.catalina.core.ApplicationFilterChain.internalDoFilter(ApplicationFilterChain.java:193) [tomcat-embed-core-9.0.37.jar!/:9.0.37]
	at org.apache.catalina.core.ApplicationFilterChain.doFilter(ApplicationFilterChain.java:166) [tomcat-embed-core-9.0.37.jar!/:9.0.37]
	at org.apache.catalina.core.StandardWrapperValve.invoke(StandardWrapperValve.java:202) [tomcat-embed-core-9.0.37.jar!/:9.0.37]
	at org.apache.catalina.core.StandardContextValve.invoke(StandardContextValve.java:96) [tomcat-embed-core-9.0.37.jar!/:9.0.37]
	at org.apache.catalina.authenticator.AuthenticatorBase.invoke(AuthenticatorBase.java:541) [tomcat-embed-core-9.0.37.jar!/:9.0.37]
	at org.apache.catalina.core.StandardHostValve.invoke(StandardHostValve.java:139) [tomcat-embed-core-9.0.37.jar!/:9.0.37]
	at org.apache.catalina.valves.ErrorReportValve.invoke(ErrorReportValve.java:92) [tomcat-embed-core-9.0.37.jar!/:9.0.37]
	at org.apache.catalina.core.StandardEngineValve.invoke(StandardEngineValve.java:74) [tomcat-embed-core-9.0.37.jar!/:9.0.37]
	at org.apache.catalina.connector.CoyoteAdapter.service(CoyoteAdapter.java:343) [tomcat-embed-core-9.0.37.jar!/:9.0.37]
	at org.apache.coyote.http11.Http11Processor.service(Http11Processor.java:373) [tomcat-embed-core-9.0.37.jar!/:9.0.37]
	at org.apache.coyote.AbstractProcessorLight.process(AbstractProcessorLight.java:65) [tomcat-embed-core-9.0.37.jar!/:9.0.37]
	at org.apache.coyote.AbstractProtocol$ConnectionHandler.process(AbstractProtocol.java:868) [tomcat-embed-core-9.0.37.jar!/:9.0.37]
	at org.apache.tomcat.util.net.NioEndpoint$SocketProcessor.doRun(NioEndpoint.java:1589) [tomcat-embed-core-9.0.37.jar!/:9.0.37]
	at org.apache.tomcat.util.net.SocketProcessorBase.run(SocketProcessorBase.java:49) [tomcat-embed-core-9.0.37.jar!/:9.0.37]
	at java.util.concurrent.ThreadPoolExecutor.runWorker(Unknown Source) [na:1.8.0_221]
	at java.util.concurrent.ThreadPoolExecutor$Worker.run(Unknown Source) [na:1.8.0_221]
	at org.apache.tomcat.util.threads.TaskThread$WrappingRunnable.run(TaskThread.java:61) [tomcat-embed-core-9.0.37.jar!/:9.0.37]
	at java.lang.Thread.run(Unknown Source) [na:1.8.0_221]

